
**** Build of configuration Debug for project CORDIC ****

"C:\\ti\\ccs1210\\ccs\\utils\\bin\\gmake" -k -j 12 all -O 
 
Building file: "../cordic.c"
Invoking: C5500 Compiler
"C:/ti/ccs1210/ccs/tools/compiler/c5500_4.4.1/bin/cl55" -v5502 --memory_model=large -g --include_path="C:/Users/fabio/Documents/LAB3/Two/CORDIC" --include_path="C:/ti/ccs1210/ccs/tools/compiler/c5500_4.4.1/include" --define=c5502 --display_error_number --diag_warning=225 --ptrdiff_size=32 --preproc_with_compile --preproc_dependency="cordic.d_raw"  "../cordic.c"
 
>> Compilation failure
subdir_rules.mk:9: recipe for target 'cordic.obj' failed
"../cordic.c", line 7: error #20: identifier "RESOLUTION" is undefined
"../cordic.c", line 44: error #66: expected a ";"
"../cordic.c", line 64: error #148: declaration is incompatible with "void __sign(short)" (declared at line 11 of "..\cordic.h")
3 errors detected in the compilation of "../cordic.c".
gmake: *** [cordic.obj] Error 1
Building file: "../main.c"
Invoking: C5500 Compiler
"C:/ti/ccs1210/ccs/tools/compiler/c5500_4.4.1/bin/cl55" -v5502 --memory_model=large -g --include_path="C:/Users/fabio/Documents/LAB3/Two/CORDIC" --include_path="C:/ti/ccs1210/ccs/tools/compiler/c5500_4.4.1/include" --define=c5502 --display_error_number --diag_warning=225 --ptrdiff_size=32 --preproc_with_compile --preproc_dependency="main.d_raw"  "../main.c"
Finished building: "../main.c"
 
gmake: Target 'all' not remade because of errors.

**** Build Finished ****

**** Build of configuration Debug for project CORDIC ****

"C:\\ti\\ccs1210\\ccs\\utils\\bin\\gmake" -k -j 12 all -O 
 
Building file: "../cordic.c"
Invoking: C5500 Compiler
"C:/ti/ccs1210/ccs/tools/compiler/c5500_4.4.1/bin/cl55" -v5502 --memory_model=large -g --include_path="C:/Users/fabio/Documents/LAB3/Two/CORDIC" --include_path="C:/ti/ccs1210/ccs/tools/compiler/c5500_4.4.1/include" --define=c5502 --display_error_number --diag_warning=225 --ptrdiff_size=32 --preproc_with_compile --preproc_dependency="cordic.d_raw"  "../cordic.c"
 
>> Compilation failure
subdir_rules.mk:9: recipe for target 'cordic.obj' failed
"../cordic.c", line 7: error #20: identifier "RESOLUTION" is undefined
"../cordic.c", line 44: error #515: a value of type "void" cannot be assigned to an entity of type "short"
"../cordic.c", line 64: error #148: declaration is incompatible with "void __sign(short)" (declared at line 11 of "..\cordic.h")
3 errors detected in the compilation of "../cordic.c".
gmake: *** [cordic.obj] Error 1
gmake: Target 'all' not remade because of errors.

**** Build Finished ****

**** Build of configuration Debug for project CORDIC ****

"C:\\ti\\ccs1210\\ccs\\utils\\bin\\gmake" -k -j 12 all -O 
 
Building file: "../cordic.c"
Invoking: C5500 Compiler
"C:/ti/ccs1210/ccs/tools/compiler/c5500_4.4.1/bin/cl55" -v5502 --memory_model=large -g --include_path="C:/Users/fabio/Documents/LAB3/Two/CORDIC" --include_path="C:/ti/ccs1210/ccs/tools/compiler/c5500_4.4.1/include" --define=c5502 --display_error_number --diag_warning=225 --ptrdiff_size=32 --preproc_with_compile --preproc_dependency="cordic.d_raw"  "../cordic.c"
 
>> Compilation failure
subdir_rules.mk:9: recipe for target 'cordic.obj' failed
"../cordic.c", line 7: error #20: identifier "RESOLUTION" is undefined
"../cordic.c", line 64: error #148: declaration is incompatible with "short __sign(short)" (declared at line 11 of "..\cordic.h")
2 errors detected in the compilation of "../cordic.c".
gmake: *** [cordic.obj] Error 1
gmake: Target 'all' not remade because of errors.

**** Build Finished ****

**** Build of configuration Debug for project CORDIC ****

"C:\\ti\\ccs1210\\ccs\\utils\\bin\\gmake" -k -j 12 all -O 
 
Building file: "../cordic.c"
Invoking: C5500 Compiler
"C:/ti/ccs1210/ccs/tools/compiler/c5500_4.4.1/bin/cl55" -v5502 --memory_model=large -g --include_path="C:/Users/fabio/Documents/LAB3/Two/CORDIC" --include_path="C:/ti/ccs1210/ccs/tools/compiler/c5500_4.4.1/include" --define=c5502 --display_error_number --diag_warning=225 --ptrdiff_size=32 --preproc_with_compile --preproc_dependency="cordic.d_raw"  "../cordic.c"
 
>> Compilation failure
subdir_rules.mk:9: recipe for target 'cordic.obj' failed
"../cordic.c", line 7: error #20: identifier "RESOLUTION" is undefined
1 error detected in the compilation of "../cordic.c".
gmake: *** [cordic.obj] Error 1
gmake: Target 'all' not remade because of errors.

**** Build Finished ****

**** Build of configuration Debug for project CORDIC ****

"C:\\ti\\ccs1210\\ccs\\utils\\bin\\gmake" -k -j 12 all -O 
 
Building file: "../cordic.c"
Invoking: C5500 Compiler
"C:/ti/ccs1210/ccs/tools/compiler/c5500_4.4.1/bin/cl55" -v5502 --memory_model=large -g --include_path="C:/Users/fabio/Documents/LAB3/Two/CORDIC" --include_path="C:/ti/ccs1210/ccs/tools/compiler/c5500_4.4.1/include" --define=c5502 --display_error_number --diag_warning=225 --ptrdiff_size=32 --preproc_with_compile --preproc_dependency="cordic.d_raw"  "../cordic.c"
 
>> Compilation failure
subdir_rules.mk:9: recipe for target 'cordic.obj' failed
"..\cordic.h", line 30: error #131: expected a "{"
"../cordic.c", line 7: warning #12-D: parsing restarts here after previous syntax error
"../cordic.c", line 8: warning #176-D: expression has no effect
"../cordic.c", line 8: warning #176-D: expression has no effect
"../cordic.c", line 8: warning #176-D: expression has no effect
"../cordic.c", line 8: warning #176-D: expression has no effect
"../cordic.c", line 8: warning #176-D: expression has no effect
"../cordic.c", line 8: warning #176-D: expression has no effect
"../cordic.c", line 8: warning #176-D: expression has no effect
"../cordic.c", line 8: warning #176-D: expression has no effect
"../cordic.c", line 8: warning #176-D: expression has no effect
"../cordic.c", line 8: warning #176-D: expression has no effect
"../cordic.c", line 8: warning #176-D: expression has no effect
"../cordic.c", line 8: warning #176-D: expression has no effect
"../cordic.c", line 8: warning #176-D: expression has no effect
"../cordic.c", line 8: warning #176-D: expression has no effect
"../cordic.c", line 8: warning #176-D: expression has no effect
"../cordic.c", line 8: warning #176-D: expression has no effect
"../cordic.c", line 24: error #66: expected a ";"
"../cordic.c", line 24: warning #994-D: missing return statement at end of non-void function "__float"
"../cordic.c", line 24: warning #383-D: extra ";" ignored
"../cordic.c", line 43: error #20: identifier "CORDIC_TABLE" is undefined
"../cordic.c", line 44: warning #225-D: function declared implicitly
"../cordic.c", line 64: error #161: declaration is incompatible with previous "__sign" (declared at line 44)
4 errors detected in the compilation of "../cordic.c".
gmake: *** [cordic.obj] Error 1
gmake: Target 'all' not remade because of errors.

**** Build Finished ****

**** Build of configuration Debug for project CORDIC ****

"C:\\ti\\ccs1210\\ccs\\utils\\bin\\gmake" -k -j 12 all -O 
 
Building file: "../cordic.c"
Invoking: C5500 Compiler
"C:/ti/ccs1210/ccs/tools/compiler/c5500_4.4.1/bin/cl55" -v5502 --memory_model=large -g --include_path="C:/Users/fabio/Documents/LAB3/Two/CORDIC" --include_path="C:/ti/ccs1210/ccs/tools/compiler/c5500_4.4.1/include" --define=c5502 --display_error_number --diag_warning=225 --ptrdiff_size=32 --preproc_with_compile --preproc_dependency="cordic.d_raw"  "../cordic.c"
 
>> Compilation failure
subdir_rules.mk:9: recipe for target 'cordic.obj' failed
"..\cordic.h", line 32: error #131: expected a "{"
"../cordic.c", line 5: warning #12-D: parsing restarts here after previous syntax error
"../cordic.c", line 6: warning #176-D: expression has no effect
"../cordic.c", line 6: warning #176-D: expression has no effect
"../cordic.c", line 6: warning #176-D: expression has no effect
"../cordic.c", line 6: warning #176-D: expression has no effect
"../cordic.c", line 6: warning #176-D: expression has no effect
"../cordic.c", line 6: warning #176-D: expression has no effect
"../cordic.c", line 6: warning #176-D: expression has no effect
"../cordic.c", line 6: warning #176-D: expression has no effect
"../cordic.c", line 6: warning #176-D: expression has no effect
"../cordic.c", line 6: warning #176-D: expression has no effect
"../cordic.c", line 6: warning #176-D: expression has no effect
"../cordic.c", line 6: warning #176-D: expression has no effect
"../cordic.c", line 6: warning #176-D: expression has no effect
"../cordic.c", line 6: warning #176-D: expression has no effect
"../cordic.c", line 6: warning #176-D: expression has no effect
"../cordic.c", line 6: warning #176-D: expression has no effect
"../cordic.c", line 22: error #66: expected a ";"
"../cordic.c", line 22: warning #994-D: missing return statement at end of non-void function "__float"
"../cordic.c", line 22: warning #383-D: extra ";" ignored
"../cordic.c", line 38: error #20: identifier "CORDIC_RESOLUTION" is undefined
"../cordic.c", line 41: error #20: identifier "CORDIC_TABLE" is undefined
"../cordic.c", line 42: warning #225-D: function declared implicitly
"../cordic.c", line 62: error #161: declaration is incompatible with previous "__sign" (declared at line 42)
5 errors detected in the compilation of "../cordic.c".
gmake: *** [cordic.obj] Error 1
gmake: Target 'all' not remade because of errors.

**** Build Finished ****

**** Build of configuration Debug for project CORDIC ****

"C:\\ti\\ccs1210\\ccs\\utils\\bin\\gmake" -k -j 12 all -O 
 
Building file: "../cordic.c"
Invoking: C5500 Compiler
"C:/ti/ccs1210/ccs/tools/compiler/c5500_4.4.1/bin/cl55" -v5502 --memory_model=large -g --include_path="C:/Users/fabio/Documents/LAB3/Two/CORDIC" --include_path="C:/ti/ccs1210/ccs/tools/compiler/c5500_4.4.1/include" --define=c5502 --display_error_number --diag_warning=225 --ptrdiff_size=32 --preproc_with_compile --preproc_dependency="cordic.d_raw"  "../cordic.c"
 
>> Compilation failure
subdir_rules.mk:9: recipe for target 'cordic.obj' failed
"..\cordic.h", line 32: error #131: expected a "{"
"../cordic.c", line 5: warning #12-D: parsing restarts here after previous syntax error
"../cordic.c", line 6: warning #176-D: expression has no effect
"../cordic.c", line 6: warning #176-D: expression has no effect
"../cordic.c", line 6: warning #176-D: expression has no effect
"../cordic.c", line 6: warning #176-D: expression has no effect
"../cordic.c", line 6: warning #176-D: expression has no effect
"../cordic.c", line 6: warning #176-D: expression has no effect
"../cordic.c", line 6: warning #176-D: expression has no effect
"../cordic.c", line 6: warning #176-D: expression has no effect
"../cordic.c", line 6: warning #176-D: expression has no effect
"../cordic.c", line 6: warning #176-D: expression has no effect
"../cordic.c", line 6: warning #176-D: expression has no effect
"../cordic.c", line 6: warning #176-D: expression has no effect
"../cordic.c", line 6: warning #176-D: expression has no effect
"../cordic.c", line 6: warning #176-D: expression has no effect
"../cordic.c", line 6: warning #176-D: expression has no effect
"../cordic.c", line 6: warning #176-D: expression has no effect
"../cordic.c", line 22: error #66: expected a ";"
"../cordic.c", line 22: warning #994-D: missing return statement at end of non-void function "__float"
"../cordic.c", line 22: warning #383-D: extra ";" ignored
"../cordic.c", line 38: error #20: identifier "CORDIC_RESOLUTION" is undefined
"../cordic.c", line 41: error #20: identifier "CORDIC_TABLE" is undefined
"../cordic.c", line 42: warning #225-D: function declared implicitly
"../cordic.c", line 62: error #161: declaration is incompatible with previous "__sign" (declared at line 42)
5 errors detected in the compilation of "../cordic.c".
gmake: *** [cordic.obj] Error 1
gmake: Target 'all' not remade because of errors.

**** Build Finished ****

**** Build of configuration Debug for project CORDIC ****

"C:\\ti\\ccs1210\\ccs\\utils\\bin\\gmake" -k -j 12 all -O 
 
Building file: "../cordic.c"
Invoking: C5500 Compiler
"C:/ti/ccs1210/ccs/tools/compiler/c5500_4.4.1/bin/cl55" -v5502 --memory_model=large -g --include_path="C:/Users/fabio/Documents/LAB3/Two/CORDIC" --include_path="C:/ti/ccs1210/ccs/tools/compiler/c5500_4.4.1/include" --define=c5502 --display_error_number --diag_warning=225 --ptrdiff_size=32 --preproc_with_compile --preproc_dependency="cordic.d_raw"  "../cordic.c"
 
>> Compilation failure
subdir_rules.mk:9: recipe for target 'cordic.obj' failed
"..\cordic.h", line 32: error #131: expected a "{"
"../cordic.c", line 5: warning #12-D: parsing restarts here after previous syntax error
"../cordic.c", line 6: warning #176-D: expression has no effect
"../cordic.c", line 6: warning #176-D: expression has no effect
"../cordic.c", line 6: warning #176-D: expression has no effect
"../cordic.c", line 6: warning #176-D: expression has no effect
"../cordic.c", line 6: warning #176-D: expression has no effect
"../cordic.c", line 6: warning #176-D: expression has no effect
"../cordic.c", line 6: warning #176-D: expression has no effect
"../cordic.c", line 6: warning #176-D: expression has no effect
"../cordic.c", line 6: warning #176-D: expression has no effect
"../cordic.c", line 6: warning #176-D: expression has no effect
"../cordic.c", line 6: warning #176-D: expression has no effect
"../cordic.c", line 6: warning #176-D: expression has no effect
"../cordic.c", line 6: warning #176-D: expression has no effect
"../cordic.c", line 6: warning #176-D: expression has no effect
"../cordic.c", line 6: warning #176-D: expression has no effect
"../cordic.c", line 6: warning #176-D: expression has no effect
"../cordic.c", line 22: error #66: expected a ";"
"../cordic.c", line 22: warning #994-D: missing return statement at end of non-void function "__float"
"../cordic.c", line 22: warning #383-D: extra ";" ignored
"../cordic.c", line 43: error #20: identifier "CORDIC_RESOLUTION" is undefined
"../cordic.c", line 46: error #20: identifier "CORDIC_TABLE" is undefined
4 errors detected in the compilation of "../cordic.c".
gmake: *** [cordic.obj] Error 1
gmake: Target 'all' not remade because of errors.

**** Build Finished ****

**** Build of configuration Debug for project CORDIC ****

"C:\\ti\\ccs1210\\ccs\\utils\\bin\\gmake" -k -j 12 all -O 
 
Building file: "../cordic.c"
Invoking: C5500 Compiler
"C:/ti/ccs1210/ccs/tools/compiler/c5500_4.4.1/bin/cl55" -v5502 --memory_model=large -g --include_path="C:/Users/fabio/Documents/LAB3/Two/CORDIC" --include_path="C:/ti/ccs1210/ccs/tools/compiler/c5500_4.4.1/include" --define=c5502 --display_error_number --diag_warning=225 --ptrdiff_size=32 --preproc_with_compile --preproc_dependency="cordic.d_raw"  "../cordic.c"
 
>> Compilation failure
subdir_rules.mk:9: recipe for target 'cordic.obj' failed
"../cordic.c", line 21: error #20: identifier "CORDIC_RESOLUTION" is undefined
1 error detected in the compilation of "../cordic.c".
gmake: *** [cordic.obj] Error 1
gmake: Target 'all' not remade because of errors.

**** Build Finished ****

**** Build of configuration Debug for project CORDIC ****

"C:\\ti\\ccs1210\\ccs\\utils\\bin\\gmake" -k -j 12 all -O 
 
Building file: "../cordic.c"
Invoking: C5500 Compiler
"C:/ti/ccs1210/ccs/tools/compiler/c5500_4.4.1/bin/cl55" -v5502 --memory_model=large -g --include_path="C:/Users/fabio/Documents/LAB3/Two/CORDIC" --include_path="C:/ti/ccs1210/ccs/tools/compiler/c5500_4.4.1/include" --define=c5502 --display_error_number --diag_warning=225 --ptrdiff_size=32 --preproc_with_compile --preproc_dependency="cordic.d_raw"  "../cordic.c"
Finished building: "../cordic.c"
 
Building target: "CORDIC.out"
Invoking: C5500 Linker
"C:/ti/ccs1210/ccs/tools/compiler/c5500_4.4.1/bin/cl55" -v5502 --memory_model=large -g --define=c5502 --display_error_number --diag_warning=225 --ptrdiff_size=32 -z -m"CORDIC.map" --stack_size=0x200 --heap_size=0x400 -i"C:/ti/ccs1210/ccs/tools/compiler/c5500_4.4.1/lib" -i"C:/ti/ccs1210/ccs/tools/compiler/c5500_4.4.1/include" --reread_libs --display_error_number --warn_sections --xml_link_info="CORDIC_linkInfo.xml" --rom_model --sys_stacksize=0x200 -o "CORDIC.out" "./cordic.obj" "./main.obj" "../VC5502.cmd"  -llibc.a 
<Linking>
Finished building target: "CORDIC.out"
 

**** Build Finished ****

**** Build of configuration Debug for project CORDIC ****

"C:\\ti\\ccs1210\\ccs\\utils\\bin\\gmake" -k -j 12 all -O 
 
Building file: "../cordic.c"
Invoking: C5500 Compiler
"C:/ti/ccs1210/ccs/tools/compiler/c5500_4.4.1/bin/cl55" -v5502 --memory_model=large -g --include_path="C:/Users/fabio/Documents/LAB3/Two/CORDIC" --include_path="C:/ti/ccs1210/ccs/tools/compiler/c5500_4.4.1/include" --define=c5502 --display_error_number --diag_warning=225 --ptrdiff_size=32 --preproc_with_compile --preproc_dependency="cordic.d_raw"  "../cordic.c"
Finished building: "../cordic.c"
 
Building target: "CORDIC.out"
Invoking: C5500 Linker
"C:/ti/ccs1210/ccs/tools/compiler/c5500_4.4.1/bin/cl55" -v5502 --memory_model=large -g --define=c5502 --display_error_number --diag_warning=225 --ptrdiff_size=32 -z -m"CORDIC.map" --stack_size=0x200 --heap_size=0x400 -i"C:/ti/ccs1210/ccs/tools/compiler/c5500_4.4.1/lib" -i"C:/ti/ccs1210/ccs/tools/compiler/c5500_4.4.1/include" --reread_libs --display_error_number --warn_sections --xml_link_info="CORDIC_linkInfo.xml" --rom_model --sys_stacksize=0x200 -o "CORDIC.out" "./cordic.obj" "./main.obj" "../VC5502.cmd"  -llibc.a 
<Linking>
Finished building target: "CORDIC.out"
 

**** Build Finished ****

**** Build of configuration Debug for project CORDIC ****

"C:\\ti\\ccs1210\\ccs\\utils\\bin\\gmake" -k -j 12 all -O 
 
Building file: "../cordic.c"
Invoking: C5500 Compiler
"C:/ti/ccs1210/ccs/tools/compiler/c5500_4.4.1/bin/cl55" -v5502 --memory_model=large -g --include_path="C:/Users/fabio/Documents/LAB3/Two/CORDIC" --include_path="C:/ti/ccs1210/ccs/tools/compiler/c5500_4.4.1/include" --define=c5502 --display_error_number --diag_warning=225 --ptrdiff_size=32 --preproc_with_compile --preproc_dependency="cordic.d_raw"  "../cordic.c"
 
>> Compilation failure
subdir_rules.mk:9: recipe for target 'cordic.obj' failed
"..\cordic.h", line 11: error #66: expected a ";"
1 error detected in the compilation of "../cordic.c".
gmake: *** [cordic.obj] Error 1
gmake: Target 'all' not remade because of errors.

**** Build Finished ****

**** Build of configuration Debug for project CORDIC ****

"C:\\ti\\ccs1210\\ccs\\utils\\bin\\gmake" -k -j 12 all -O 
 
Building file: "../cordic.c"
Invoking: C5500 Compiler
"C:/ti/ccs1210/ccs/tools/compiler/c5500_4.4.1/bin/cl55" -v5502 --memory_model=large -g --include_path="C:/Users/fabio/Documents/LAB3/Two/CORDIC" --include_path="C:/ti/ccs1210/ccs/tools/compiler/c5500_4.4.1/include" --define=c5502 --display_error_number --diag_warning=225 --ptrdiff_size=32 --preproc_with_compile --preproc_dependency="cordic.d_raw"  "../cordic.c"
Finished building: "../cordic.c"
 
Building target: "CORDIC.out"
Invoking: C5500 Linker
"C:/ti/ccs1210/ccs/tools/compiler/c5500_4.4.1/bin/cl55" -v5502 --memory_model=large -g --define=c5502 --display_error_number --diag_warning=225 --ptrdiff_size=32 -z -m"CORDIC.map" --stack_size=0x200 --heap_size=0x400 -i"C:/ti/ccs1210/ccs/tools/compiler/c5500_4.4.1/lib" -i"C:/ti/ccs1210/ccs/tools/compiler/c5500_4.4.1/include" --reread_libs --display_error_number --warn_sections --xml_link_info="CORDIC_linkInfo.xml" --rom_model --sys_stacksize=0x200 -o "CORDIC.out" "./cordic.obj" "./main.obj" "../VC5502.cmd"  -llibc.a 
<Linking>
Finished building target: "CORDIC.out"
 

**** Build Finished ****

**** Build of configuration Debug for project CORDIC ****

"C:\\ti\\ccs1210\\ccs\\utils\\bin\\gmake" -k -j 12 all -O 
 
Building file: "../cordic.c"
Invoking: C5500 Compiler
"C:/ti/ccs1210/ccs/tools/compiler/c5500_4.4.1/bin/cl55" -v5502 --memory_model=large -g --include_path="C:/Users/fabio/Documents/LAB3/Two/CORDIC" --include_path="C:/ti/ccs1210/ccs/tools/compiler/c5500_4.4.1/include" --define=c5502 --display_error_number --diag_warning=225 --ptrdiff_size=32 --preproc_with_compile --preproc_dependency="cordic.d_raw"  "../cordic.c"
 
>> Compilation failure
subdir_rules.mk:9: recipe for target 'cordic.obj' failed
"../cordic.c", line 59: error #29: expected an expression
1 error detected in the compilation of "../cordic.c".
gmake: *** [cordic.obj] Error 1
Building file: "../main.c"
Invoking: C5500 Compiler
"C:/ti/ccs1210/ccs/tools/compiler/c5500_4.4.1/bin/cl55" -v5502 --memory_model=large -g --include_path="C:/Users/fabio/Documents/LAB3/Two/CORDIC" --include_path="C:/ti/ccs1210/ccs/tools/compiler/c5500_4.4.1/include" --define=c5502 --display_error_number --diag_warning=225 --ptrdiff_size=32 --preproc_with_compile --preproc_dependency="main.d_raw"  "../main.c"
 
>> Compilation failure
subdir_rules.mk:9: recipe for target 'main.obj' failed
"../main.c", line 8: warning #225-D: function declared implicitly
"../main.c", line 8: error #31: expression must have integral type
1 error detected in the compilation of "../main.c".
gmake: *** [main.obj] Error 1
gmake: Target 'all' not remade because of errors.

**** Build Finished ****

**** Build of configuration Debug for project CORDIC ****

"C:\\ti\\ccs1210\\ccs\\utils\\bin\\gmake" -k -j 12 all -O 
 
Building file: "../cordic.c"
Invoking: C5500 Compiler
"C:/ti/ccs1210/ccs/tools/compiler/c5500_4.4.1/bin/cl55" -v5502 --memory_model=large -g --include_path="C:/Users/fabio/Documents/LAB3/Two/CORDIC" --include_path="C:/ti/ccs1210/ccs/tools/compiler/c5500_4.4.1/include" --define=c5502 --display_error_number --diag_warning=225 --ptrdiff_size=32 --preproc_with_compile --preproc_dependency="cordic.d_raw"  "../cordic.c"
 
>> Compilation failure
subdir_rules.mk:9: recipe for target 'cordic.obj' failed
"../cordic.c", line 59: error #29: expected an expression
1 error detected in the compilation of "../cordic.c".
gmake: *** [cordic.obj] Error 1
Building file: "../main.c"
Invoking: C5500 Compiler
"C:/ti/ccs1210/ccs/tools/compiler/c5500_4.4.1/bin/cl55" -v5502 --memory_model=large -g --include_path="C:/Users/fabio/Documents/LAB3/Two/CORDIC" --include_path="C:/ti/ccs1210/ccs/tools/compiler/c5500_4.4.1/include" --define=c5502 --display_error_number --diag_warning=225 --ptrdiff_size=32 --preproc_with_compile --preproc_dependency="main.d_raw"  "../main.c"
 
>> Compilation failure
subdir_rules.mk:9: recipe for target 'main.obj' failed
"../main.c", line 8: warning #225-D: function declared implicitly
"../main.c", line 8: error #31: expression must have integral type
1 error detected in the compilation of "../main.c".
gmake: *** [main.obj] Error 1
gmake: Target 'all' not remade because of errors.

**** Build Finished ****

**** Build of configuration Debug for project CORDIC ****

"C:\\ti\\ccs1210\\ccs\\utils\\bin\\gmake" -k -j 12 all -O 
 
Building file: "../cordic.c"
Invoking: C5500 Compiler
"C:/ti/ccs1210/ccs/tools/compiler/c5500_4.4.1/bin/cl55" -v5502 --memory_model=large -g --include_path="C:/Users/fabio/Documents/LAB3/Two/CORDIC" --include_path="C:/ti/ccs1210/ccs/tools/compiler/c5500_4.4.1/include" --define=c5502 --display_error_number --diag_warning=225 --ptrdiff_size=32 --preproc_with_compile --preproc_dependency="cordic.d_raw"  "../cordic.c"
 
>> Compilation failure
subdir_rules.mk:9: recipe for target 'cordic.obj' failed
"../cordic.c", line 59: error #29: expected an expression
1 error detected in the compilation of "../cordic.c".
gmake: *** [cordic.obj] Error 1
Building file: "../main.c"
Invoking: C5500 Compiler
"C:/ti/ccs1210/ccs/tools/compiler/c5500_4.4.1/bin/cl55" -v5502 --memory_model=large -g --include_path="C:/Users/fabio/Documents/LAB3/Two/CORDIC" --include_path="C:/ti/ccs1210/ccs/tools/compiler/c5500_4.4.1/include" --define=c5502 --display_error_number --diag_warning=225 --ptrdiff_size=32 --preproc_with_compile --preproc_dependency="main.d_raw"  "../main.c"
 
>> Compilation failure
subdir_rules.mk:9: recipe for target 'main.obj' failed
"../main.c", line 8: warning #225-D: function declared implicitly
"../main.c", line 8: error #31: expression must have integral type
1 error detected in the compilation of "../main.c".
gmake: *** [main.obj] Error 1
gmake: Target 'all' not remade because of errors.

**** Build Finished ****

**** Build of configuration Debug for project CORDIC ****

"C:\\ti\\ccs1210\\ccs\\utils\\bin\\gmake" -k -j 12 all -O 
 
Building file: "../cordic.c"
Invoking: C5500 Compiler
"C:/ti/ccs1210/ccs/tools/compiler/c5500_4.4.1/bin/cl55" -v5502 --memory_model=large -g --include_path="C:/Users/fabio/Documents/LAB3/Two/CORDIC" --include_path="C:/ti/ccs1210/ccs/tools/compiler/c5500_4.4.1/include" --define=c5502 --display_error_number --diag_warning=225 --ptrdiff_size=32 --preproc_with_compile --preproc_dependency="cordic.d_raw"  "../cordic.c"
 
>> Compilation failure
subdir_rules.mk:9: recipe for target 'cordic.obj' failed
"../cordic.c", line 59: error #29: expected an expression
1 error detected in the compilation of "../cordic.c".
gmake: *** [cordic.obj] Error 1
Building file: "../main.c"
Invoking: C5500 Compiler
"C:/ti/ccs1210/ccs/tools/compiler/c5500_4.4.1/bin/cl55" -v5502 --memory_model=large -g --include_path="C:/Users/fabio/Documents/LAB3/Two/CORDIC" --include_path="C:/ti/ccs1210/ccs/tools/compiler/c5500_4.4.1/include" --define=c5502 --display_error_number --diag_warning=225 --ptrdiff_size=32 --preproc_with_compile --preproc_dependency="main.d_raw"  "../main.c"
"../main.c", line 8: warning #225-D: function declared implicitly
Finished building: "../main.c"
 
gmake: Target 'all' not remade because of errors.

**** Build Finished ****

**** Build of configuration Debug for project CORDIC ****

"C:\\ti\\ccs1210\\ccs\\utils\\bin\\gmake" -k -j 12 all -O 
 
Building file: "../cordic.c"
Invoking: C5500 Compiler
"C:/ti/ccs1210/ccs/tools/compiler/c5500_4.4.1/bin/cl55" -v5502 --memory_model=large -g --include_path="C:/Users/fabio/Documents/LAB3/Two/CORDIC" --include_path="C:/ti/ccs1210/ccs/tools/compiler/c5500_4.4.1/include" --define=c5502 --display_error_number --diag_warning=225 --ptrdiff_size=32 --preproc_with_compile --preproc_dependency="cordic.d_raw"  "../cordic.c"
 
>> Compilation failure
subdir_rules.mk:9: recipe for target 'cordic.obj' failed
"../cordic.c", line 59: error #29: expected an expression
1 error detected in the compilation of "../cordic.c".
gmake: *** [cordic.obj] Error 1
Building file: "../main.c"
Invoking: C5500 Compiler
"C:/ti/ccs1210/ccs/tools/compiler/c5500_4.4.1/bin/cl55" -v5502 --memory_model=large -g --include_path="C:/Users/fabio/Documents/LAB3/Two/CORDIC" --include_path="C:/ti/ccs1210/ccs/tools/compiler/c5500_4.4.1/include" --define=c5502 --display_error_number --diag_warning=225 --ptrdiff_size=32 --preproc_with_compile --preproc_dependency="main.d_raw"  "../main.c"
Finished building: "../main.c"
 
gmake: Target 'all' not remade because of errors.

**** Build Finished ****

**** Build of configuration Debug for project CORDIC ****

"C:\\ti\\ccs1210\\ccs\\utils\\bin\\gmake" -k -j 12 all -O 
 
Building file: "../cordic.c"
Invoking: C5500 Compiler
"C:/ti/ccs1210/ccs/tools/compiler/c5500_4.4.1/bin/cl55" -v5502 --memory_model=large -g --include_path="C:/Users/fabio/Documents/LAB3/Two/CORDIC" --include_path="C:/ti/ccs1210/ccs/tools/compiler/c5500_4.4.1/include" --define=c5502 --display_error_number --diag_warning=225 --ptrdiff_size=32 --preproc_with_compile --preproc_dependency="cordic.d_raw"  "../cordic.c"
Finished building: "../cordic.c"
 
Building target: "CORDIC.out"
Invoking: C5500 Linker
"C:/ti/ccs1210/ccs/tools/compiler/c5500_4.4.1/bin/cl55" -v5502 --memory_model=large -g --define=c5502 --display_error_number --diag_warning=225 --ptrdiff_size=32 -z -m"CORDIC.map" --stack_size=0x200 --heap_size=0x400 -i"C:/ti/ccs1210/ccs/tools/compiler/c5500_4.4.1/lib" -i"C:/ti/ccs1210/ccs/tools/compiler/c5500_4.4.1/include" --reread_libs --display_error_number --warn_sections --xml_link_info="CORDIC_linkInfo.xml" --rom_model --sys_stacksize=0x200 -o "CORDIC.out" "./cordic.obj" "./main.obj" "../VC5502.cmd"  -llibc.a 
<Linking>
Finished building target: "CORDIC.out"
 

**** Build Finished ****

**** Build of configuration Debug for project CORDIC ****

"C:\\ti\\ccs1210\\ccs\\utils\\bin\\gmake" -k -j 12 all -O 
 
Building file: "../main.c"
Invoking: C5500 Compiler
"C:/ti/ccs1210/ccs/tools/compiler/c5500_4.4.1/bin/cl55" -v5502 --memory_model=large -g --include_path="C:/Users/fabio/Documents/LAB3/Two/CORDIC" --include_path="C:/ti/ccs1210/ccs/tools/compiler/c5500_4.4.1/include" --define=c5502 --display_error_number --diag_warning=225 --ptrdiff_size=32 --preproc_with_compile --preproc_dependency="main.d_raw"  "../main.c"
Finished building: "../main.c"
 
Building file: "../cordic.c"
Invoking: C5500 Compiler
"C:/ti/ccs1210/ccs/tools/compiler/c5500_4.4.1/bin/cl55" -v5502 --memory_model=large -g --include_path="C:/Users/fabio/Documents/LAB3/Two/CORDIC" --include_path="C:/ti/ccs1210/ccs/tools/compiler/c5500_4.4.1/include" --define=c5502 --display_error_number --diag_warning=225 --ptrdiff_size=32 --preproc_with_compile --preproc_dependency="cordic.d_raw"  "../cordic.c"
"../cordic.c", line 11: warning #225-D: function declared implicitly
Finished building: "../cordic.c"
 
Building target: "CORDIC.out"
Invoking: C5500 Linker
"C:/ti/ccs1210/ccs/tools/compiler/c5500_4.4.1/bin/cl55" -v5502 --memory_model=large -g --define=c5502 --display_error_number --diag_warning=225 --ptrdiff_size=32 -z -m"CORDIC.map" --stack_size=0x200 --heap_size=0x400 -i"C:/ti/ccs1210/ccs/tools/compiler/c5500_4.4.1/lib" -i"C:/ti/ccs1210/ccs/tools/compiler/c5500_4.4.1/include" --reread_libs --display_error_number --warn_sections --xml_link_info="CORDIC_linkInfo.xml" --rom_model --sys_stacksize=0x200 -o "CORDIC.out" "./cordic.obj" "./main.obj" "../VC5502.cmd"  -llibc.a 
<Linking>
error #10056: symbol "_CORDIC_TABLE" redefined: first defined in
   "./cordic.obj"; redefined in "./main.obj"
 
>> Compilation failure
 
makefile:142: recipe for target 'CORDIC.out' failed
 undefined first referenced
  symbol       in file     
 --------- ----------------
 _cordic   ./cordic.obj    
 
error #10234-D: unresolved symbols remain
error #10010: errors encountered during linking; "CORDIC.out" not built
gmake[1]: *** [CORDIC.out] Error 1
makefile:138: recipe for target 'all' failed
gmake: *** [all] Error 2

**** Build Finished ****

**** Build of configuration Debug for project CORDIC ****

"C:\\ti\\ccs1210\\ccs\\utils\\bin\\gmake" -k -j 12 all -O 
 
Building file: "../main.c"
Invoking: C5500 Compiler
"C:/ti/ccs1210/ccs/tools/compiler/c5500_4.4.1/bin/cl55" -v5502 --memory_model=large -g --include_path="C:/Users/fabio/Documents/LAB3/Two/CORDIC" --include_path="C:/ti/ccs1210/ccs/tools/compiler/c5500_4.4.1/include" --define=c5502 --display_error_number --diag_warning=225 --ptrdiff_size=32 --preproc_with_compile --preproc_dependency="main.d_raw"  "../main.c"
Finished building: "../main.c"
 
Building file: "../cordic.c"
Invoking: C5500 Compiler
"C:/ti/ccs1210/ccs/tools/compiler/c5500_4.4.1/bin/cl55" -v5502 --memory_model=large -g --include_path="C:/Users/fabio/Documents/LAB3/Two/CORDIC" --include_path="C:/ti/ccs1210/ccs/tools/compiler/c5500_4.4.1/include" --define=c5502 --display_error_number --diag_warning=225 --ptrdiff_size=32 --preproc_with_compile --preproc_dependency="cordic.d_raw"  "../cordic.c"
Finished building: "../cordic.c"
 
Building target: "CORDIC.out"
Invoking: C5500 Linker
"C:/ti/ccs1210/ccs/tools/compiler/c5500_4.4.1/bin/cl55" -v5502 --memory_model=large -g --define=c5502 --display_error_number --diag_warning=225 --ptrdiff_size=32 -z -m"CORDIC.map" --stack_size=0x200 --heap_size=0x400 -i"C:/ti/ccs1210/ccs/tools/compiler/c5500_4.4.1/lib" -i"C:/ti/ccs1210/ccs/tools/compiler/c5500_4.4.1/include" --reread_libs --display_error_number --warn_sections --xml_link_info="CORDIC_linkInfo.xml" --rom_model --sys_stacksize=0x200 -o "CORDIC.out" "./cordic.obj" "./main.obj" "../VC5502.cmd"  -llibc.a 
<Linking>
error #10056: symbol "_CORDIC_TABLE" redefined: first defined in
   "./cordic.obj"; redefined in "./main.obj"
error #10010: errors encountered during linking; "CORDIC.out" not built
 
>> Compilation failure
makefile:142: recipe for target 'CORDIC.out' failed
gmake[1]: *** [CORDIC.out] Error 1
makefile:138: recipe for target 'all' failed
gmake: *** [all] Error 2

**** Build Finished ****

**** Build of configuration Debug for project CORDIC ****

"C:\\ti\\ccs1210\\ccs\\utils\\bin\\gmake" -k -j 12 all -O 
 
Building file: "../main.c"
Invoking: C5500 Compiler
"C:/ti/ccs1210/ccs/tools/compiler/c5500_4.4.1/bin/cl55" -v5502 --memory_model=large -g --include_path="C:/Users/fabio/Documents/LAB3/Two/CORDIC" --include_path="C:/ti/ccs1210/ccs/tools/compiler/c5500_4.4.1/include" --define=c5502 --display_error_number --diag_warning=225 --ptrdiff_size=32 --preproc_with_compile --preproc_dependency="main.d_raw"  "../main.c"
Finished building: "../main.c"
 
Building file: "../cordic.c"
Invoking: C5500 Compiler
"C:/ti/ccs1210/ccs/tools/compiler/c5500_4.4.1/bin/cl55" -v5502 --memory_model=large -g --include_path="C:/Users/fabio/Documents/LAB3/Two/CORDIC" --include_path="C:/ti/ccs1210/ccs/tools/compiler/c5500_4.4.1/include" --define=c5502 --display_error_number --diag_warning=225 --ptrdiff_size=32 --preproc_with_compile --preproc_dependency="cordic.d_raw"  "../cordic.c"
Finished building: "../cordic.c"
 
Building target: "CORDIC.out"
Invoking: C5500 Linker
"C:/ti/ccs1210/ccs/tools/compiler/c5500_4.4.1/bin/cl55" -v5502 --memory_model=large -g --define=c5502 --display_error_number --diag_warning=225 --ptrdiff_size=32 -z -m"CORDIC.map" --stack_size=0x200 --heap_size=0x400 -i"C:/ti/ccs1210/ccs/tools/compiler/c5500_4.4.1/lib" -i"C:/ti/ccs1210/ccs/tools/compiler/c5500_4.4.1/include" --reread_libs --display_error_number --warn_sections --xml_link_info="CORDIC_linkInfo.xml" --rom_model --sys_stacksize=0x200 -o "CORDIC.out" "./cordic.obj" "./main.obj" "../VC5502.cmd"  -llibc.a 
<Linking>
error #10056: symbol "_CORDIC_TABLE" redefined: first defined in
   "./cordic.obj"; redefined in "./main.obj"
error #10010: errors encountered during linking; "CORDIC.out" not built
 
>> Compilation failure
makefile:142: recipe for target 'CORDIC.out' failed
gmake[1]: *** [CORDIC.out] Error 1
makefile:138: recipe for target 'all' failed
gmake: *** [all] Error 2

**** Build Finished ****

**** Build of configuration Debug for project CORDIC ****

"C:\\ti\\ccs1210\\ccs\\utils\\bin\\gmake" -k -j 12 all -O 
 
Building file: "../cordic.c"
Invoking: C5500 Compiler
"C:/ti/ccs1210/ccs/tools/compiler/c5500_4.4.1/bin/cl55" -v5502 --memory_model=large -g --include_path="C:/Users/fabio/Documents/LAB3/Two/CORDIC" --include_path="C:/ti/ccs1210/ccs/tools/compiler/c5500_4.4.1/include" --define=c5502 --display_error_number --diag_warning=225 --ptrdiff_size=32 --preproc_with_compile --preproc_dependency="cordic.d_raw"  "../cordic.c"
Finished building: "../cordic.c"
 
Building target: "CORDIC.out"
Invoking: C5500 Linker
"C:/ti/ccs1210/ccs/tools/compiler/c5500_4.4.1/bin/cl55" -v5502 --memory_model=large -g --define=c5502 --display_error_number --diag_warning=225 --ptrdiff_size=32 -z -m"CORDIC.map" --stack_size=0x200 --heap_size=0x400 -i"C:/ti/ccs1210/ccs/tools/compiler/c5500_4.4.1/lib" -i"C:/ti/ccs1210/ccs/tools/compiler/c5500_4.4.1/include" --reread_libs --display_error_number --warn_sections --xml_link_info="CORDIC_linkInfo.xml" --rom_model --sys_stacksize=0x200 -o "CORDIC.out" "./cordic.obj" "./main.obj" "../VC5502.cmd"  -llibc.a 
<Linking>
error #10056: symbol "_CORDIC_TABLE" redefined: first defined in
   "./cordic.obj"; redefined in "./main.obj"
error #10010: errors encountered during linking; "CORDIC.out" not built
 
>> Compilation failure
makefile:142: recipe for target 'CORDIC.out' failed
gmake[1]: *** [CORDIC.out] Error 1
makefile:138: recipe for target 'all' failed
gmake: *** [all] Error 2

**** Build Finished ****

**** Build of configuration Debug for project CORDIC ****

"C:\\ti\\ccs1210\\ccs\\utils\\bin\\gmake" -k -j 12 all -O 
 
Building file: "../cordic.c"
Invoking: C5500 Compiler
"C:/ti/ccs1210/ccs/tools/compiler/c5500_4.4.1/bin/cl55" -v5502 --memory_model=large -g --include_path="C:/Users/fabio/Documents/LAB3/Two/CORDIC" --include_path="C:/ti/ccs1210/ccs/tools/compiler/c5500_4.4.1/include" --define=c5502 --display_error_number --diag_warning=225 --ptrdiff_size=32 --preproc_with_compile --preproc_dependency="cordic.d_raw"  "../cordic.c"
Finished building: "../cordic.c"
 
Building target: "CORDIC.out"
Invoking: C5500 Linker
"C:/ti/ccs1210/ccs/tools/compiler/c5500_4.4.1/bin/cl55" -v5502 --memory_model=large -g --define=c5502 --display_error_number --diag_warning=225 --ptrdiff_size=32 -z -m"CORDIC.map" --stack_size=0x200 --heap_size=0x400 -i"C:/ti/ccs1210/ccs/tools/compiler/c5500_4.4.1/lib" -i"C:/ti/ccs1210/ccs/tools/compiler/c5500_4.4.1/include" --reread_libs --display_error_number --warn_sections --xml_link_info="CORDIC_linkInfo.xml" --rom_model --sys_stacksize=0x200 -o "CORDIC.out" "./cordic.obj" "./main.obj" "../VC5502.cmd"  -llibc.a 
<Linking>
error #10056: symbol "_CORDIC_TABLE" redefined: first defined in
   "./cordic.obj"; redefined in "./main.obj"
error #10010: errors encountered during linking; "CORDIC.out" not built
 
>> Compilation failure
makefile:142: recipe for target 'CORDIC.out' failed
gmake[1]: *** [CORDIC.out] Error 1
makefile:138: recipe for target 'all' failed
gmake: *** [all] Error 2

**** Build Finished ****

**** Clean-only build of configuration Debug for project CORDIC ****

"C:\\ti\\ccs1210\\ccs\\utils\\bin\\gmake" -k -j 12 clean -O 
 
DEL /F  "CORDIC.hex"  "CORDIC.out" 
DEL /F "cordic.obj" "main.obj" 
DEL /F "cordic.d" "main.d" 
NÆo foi poss¡vel encontrar C:\Users\fabio\Documents\LAB3\Two\CORDIC\Debug\CORDIC.hex
Finished clean
 

**** Build Finished ****

**** Build of configuration Debug for project CORDIC ****

"C:\\ti\\ccs1210\\ccs\\utils\\bin\\gmake" -k -j 12 all -O 
 
Building file: "../main.c"
Invoking: C5500 Compiler
"C:/ti/ccs1210/ccs/tools/compiler/c5500_4.4.1/bin/cl55" -v5502 --memory_model=large -g --include_path="C:/Users/fabio/Documents/LAB3/Two/CORDIC" --include_path="C:/ti/ccs1210/ccs/tools/compiler/c5500_4.4.1/include" --define=c5502 --display_error_number --diag_warning=225 --ptrdiff_size=32 --preproc_with_compile --preproc_dependency="main.d_raw"  "../main.c"
Finished building: "../main.c"
 
Building file: "../cordic.c"
Invoking: C5500 Compiler
"C:/ti/ccs1210/ccs/tools/compiler/c5500_4.4.1/bin/cl55" -v5502 --memory_model=large -g --include_path="C:/Users/fabio/Documents/LAB3/Two/CORDIC" --include_path="C:/ti/ccs1210/ccs/tools/compiler/c5500_4.4.1/include" --define=c5502 --display_error_number --diag_warning=225 --ptrdiff_size=32 --preproc_with_compile --preproc_dependency="cordic.d_raw"  "../cordic.c"
Finished building: "../cordic.c"
 
Building target: "CORDIC.out"
Invoking: C5500 Linker
"C:/ti/ccs1210/ccs/tools/compiler/c5500_4.4.1/bin/cl55" -v5502 --memory_model=large -g --define=c5502 --display_error_number --diag_warning=225 --ptrdiff_size=32 -z -m"CORDIC.map" --stack_size=0x200 --heap_size=0x400 -i"C:/ti/ccs1210/ccs/tools/compiler/c5500_4.4.1/lib" -i"C:/ti/ccs1210/ccs/tools/compiler/c5500_4.4.1/include" --reread_libs --display_error_number --warn_sections --xml_link_info="CORDIC_linkInfo.xml" --rom_model --sys_stacksize=0x200 -o "CORDIC.out" "./cordic.obj" "./main.obj" "../VC5502.cmd"  -llibc.a 
<Linking>
error #10056: symbol "_CORDIC_TABLE" redefined: first defined in
   "./cordic.obj"; redefined in "./main.obj"
error #10010: errors encountered during linking; "CORDIC.out" not built
 
>> Compilation failure
makefile:142: recipe for target 'CORDIC.out' failed
gmake[1]: *** [CORDIC.out] Error 1
makefile:138: recipe for target 'all' failed
gmake: *** [all] Error 2

**** Build Finished ****

**** Clean-only build of configuration Debug for project CORDIC ****

"C:\\ti\\ccs1210\\ccs\\utils\\bin\\gmake" -k -j 12 clean -O 
 
DEL /F  "CORDIC.hex"  "CORDIC.out" 
DEL /F "cordic.obj" "main.obj" 
DEL /F "cordic.d" "main.d" 
NÆo foi poss¡vel encontrar C:\Users\fabio\Documents\LAB3\Two\CORDIC\Debug\CORDIC.hex
Finished clean
 

**** Build Finished ****

**** Build of configuration Debug for project CORDIC ****

"C:\\ti\\ccs1210\\ccs\\utils\\bin\\gmake" -k -j 12 all -O 
 
Building file: "../main.c"
Invoking: C5500 Compiler
"C:/ti/ccs1210/ccs/tools/compiler/c5500_4.4.1/bin/cl55" -v5502 --memory_model=large -g --include_path="C:/Users/fabio/Documents/LAB3/Two/CORDIC" --include_path="C:/ti/ccs1210/ccs/tools/compiler/c5500_4.4.1/include" --define=c5502 --display_error_number --diag_warning=225 --ptrdiff_size=32 --preproc_with_compile --preproc_dependency="main.d_raw"  "../main.c"
Finished building: "../main.c"
 
Building file: "../cordic.c"
Invoking: C5500 Compiler
"C:/ti/ccs1210/ccs/tools/compiler/c5500_4.4.1/bin/cl55" -v5502 --memory_model=large -g --include_path="C:/Users/fabio/Documents/LAB3/Two/CORDIC" --include_path="C:/ti/ccs1210/ccs/tools/compiler/c5500_4.4.1/include" --define=c5502 --display_error_number --diag_warning=225 --ptrdiff_size=32 --preproc_with_compile --preproc_dependency="cordic.d_raw"  "../cordic.c"
Finished building: "../cordic.c"
 
Building target: "CORDIC.out"
Invoking: C5500 Linker
"C:/ti/ccs1210/ccs/tools/compiler/c5500_4.4.1/bin/cl55" -v5502 --memory_model=large -g --define=c5502 --display_error_number --diag_warning=225 --ptrdiff_size=32 -z -m"CORDIC.map" --stack_size=0x200 --heap_size=0x400 -i"C:/ti/ccs1210/ccs/tools/compiler/c5500_4.4.1/lib" -i"C:/ti/ccs1210/ccs/tools/compiler/c5500_4.4.1/include" --reread_libs --display_error_number --warn_sections --xml_link_info="CORDIC_linkInfo.xml" --rom_model --sys_stacksize=0x200 -o "CORDIC.out" "./cordic.obj" "./main.obj" "../VC5502.cmd"  -llibc.a 
<Linking>
error #10056: symbol "_CORDIC_TABLE" redefined: first defined in
   "./cordic.obj"; redefined in "./main.obj"
error #10010: errors encountered during linking; "CORDIC.out" not built
 
>> Compilation failure
makefile:142: recipe for target 'CORDIC.out' failed
gmake[1]: *** [CORDIC.out] Error 1
makefile:138: recipe for target 'all' failed
gmake: *** [all] Error 2

**** Build Finished ****

**** Clean-only build of configuration Debug for project CORDIC ****

"C:\\ti\\ccs1210\\ccs\\utils\\bin\\gmake" -k -j 12 clean -O 
 
DEL /F  "CORDIC.hex"  "CORDIC.out" 
DEL /F "cordic.obj" "main.obj" 
DEL /F "cordic.d" "main.d" 
NÆo foi poss¡vel encontrar C:\Users\fabio\Documents\LAB3\Two\CORDIC\Debug\CORDIC.hex
Finished clean
 

**** Build Finished ****

**** Build of configuration Debug for project CORDIC ****

"C:\\ti\\ccs1210\\ccs\\utils\\bin\\gmake" -k -j 12 all -O 
 
Building file: "../main.c"
Invoking: C5500 Compiler
"C:/ti/ccs1210/ccs/tools/compiler/c5500_4.4.1/bin/cl55" -v5502 --memory_model=large -g --include_path="C:/Users/fabio/Documents/LAB3/Two/CORDIC" --include_path="C:/ti/ccs1210/ccs/tools/compiler/c5500_4.4.1/include" --define=c5502 --display_error_number --diag_warning=225 --ptrdiff_size=32 --preproc_with_compile --preproc_dependency="main.d_raw"  "../main.c"
Finished building: "../main.c"
 
Building file: "../cordic.c"
Invoking: C5500 Compiler
"C:/ti/ccs1210/ccs/tools/compiler/c5500_4.4.1/bin/cl55" -v5502 --memory_model=large -g --include_path="C:/Users/fabio/Documents/LAB3/Two/CORDIC" --include_path="C:/ti/ccs1210/ccs/tools/compiler/c5500_4.4.1/include" --define=c5502 --display_error_number --diag_warning=225 --ptrdiff_size=32 --preproc_with_compile --preproc_dependency="cordic.d_raw"  "../cordic.c"
Finished building: "../cordic.c"
 
Building target: "CORDIC.out"
Invoking: C5500 Linker
"C:/ti/ccs1210/ccs/tools/compiler/c5500_4.4.1/bin/cl55" -v5502 --memory_model=large -g --define=c5502 --display_error_number --diag_warning=225 --ptrdiff_size=32 -z -m"CORDIC.map" --stack_size=0x200 --heap_size=0x400 -i"C:/ti/ccs1210/ccs/tools/compiler/c5500_4.4.1/lib" -i"C:/ti/ccs1210/ccs/tools/compiler/c5500_4.4.1/include" --reread_libs --display_error_number --warn_sections --xml_link_info="CORDIC_linkInfo.xml" --rom_model --sys_stacksize=0x200 -o "CORDIC.out" "./cordic.obj" "./main.obj" "../VC5502.cmd"  -llibc.a 
<Linking>
Finished building target: "CORDIC.out"
 

**** Build Finished ****

**** Build of configuration Debug for project CORDIC ****

"C:\\ti\\ccs1210\\ccs\\utils\\bin\\gmake" -k -j 12 all -O 
 
gmake[1]: 'CORDIC.out' is up to date.

**** Build Finished ****

**** Build of configuration Debug for project CORDIC ****

"C:\\ti\\ccs1210\\ccs\\utils\\bin\\gmake" -k -j 12 all -O 
 
gmake[1]: 'CORDIC.out' is up to date.

**** Build Finished ****

**** Build of configuration Debug for project CORDIC ****

"C:\\ti\\ccs1210\\ccs\\utils\\bin\\gmake" -k -j 12 all -O 
 
Building file: "../cordic.c"
Invoking: C5500 Compiler
"C:/ti/ccs1210/ccs/tools/compiler/c5500_4.4.1/bin/cl55" -v5502 --memory_model=large -g --include_path="C:/Users/fabio/Documents/LAB3/Two/CORDIC" --include_path="C:/ti/ccs1210/ccs/tools/compiler/c5500_4.4.1/include" --define=c5502 --display_error_number --diag_warning=225 --ptrdiff_size=32 --preproc_with_compile --preproc_dependency="cordic.d_raw"  "../cordic.c"
Finished building: "../cordic.c"
 
Building target: "CORDIC.out"
Invoking: C5500 Linker
"C:/ti/ccs1210/ccs/tools/compiler/c5500_4.4.1/bin/cl55" -v5502 --memory_model=large -g --define=c5502 --display_error_number --diag_warning=225 --ptrdiff_size=32 -z -m"CORDIC.map" --stack_size=0x200 --heap_size=0x400 -i"C:/ti/ccs1210/ccs/tools/compiler/c5500_4.4.1/lib" -i"C:/ti/ccs1210/ccs/tools/compiler/c5500_4.4.1/include" --reread_libs --display_error_number --warn_sections --xml_link_info="CORDIC_linkInfo.xml" --rom_model --sys_stacksize=0x200 -o "CORDIC.out" "./cordic.obj" "./main.obj" "../VC5502.cmd"  -llibc.a 
<Linking>
Finished building target: "CORDIC.out"
 

**** Build Finished ****

**** Build of configuration Debug for project CORDIC ****

"C:\\ti\\ccs1210\\ccs\\utils\\bin\\gmake" -k -j 12 all -O 
 
Building file: "../cordic.c"
Invoking: C5500 Compiler
"C:/ti/ccs1210/ccs/tools/compiler/c5500_4.4.1/bin/cl55" -v5502 --memory_model=large -g --include_path="C:/Users/fabio/Documents/LAB3/Two/CORDIC" --include_path="C:/ti/ccs1210/ccs/tools/compiler/c5500_4.4.1/include" --define=c5502 --display_error_number --diag_warning=225 --ptrdiff_size=32 --preproc_with_compile --preproc_dependency="cordic.d_raw"  "../cordic.c"
 
>> Compilation failure
subdir_rules.mk:9: recipe for target 'cordic.obj' failed
"../cordic.c", line 31: error #169: argument of type "short *" is incompatible with parameter of type "int16_t *"
"../cordic.c", line 31: error #169: argument of type "short *" is incompatible with parameter of type "int16_t *"
"../cordic.c", line 31: error #169: argument of type "short *" is incompatible with parameter of type "int16_t *"
"../cordic.c", line 55: error #169: argument of type "short *" is incompatible with parameter of type "int16_t *"
"../cordic.c", line 55: error #169: argument of type "short *" is incompatible with parameter of type "int16_t *"
"../cordic.c", line 55: error #169: argument of type "short *" is incompatible with parameter of type "int16_t *"
"../cordic.c", line 79: error #169: argument of type "short *" is incompatible with parameter of type "int16_t *"
"../cordic.c", line 79: error #169: argument of type "short *" is incompatible with parameter of type "int16_t *"
"../cordic.c", line 79: error #169: argument of type "short *" is incompatible with parameter of type "int16_t *"
"../cordic.c", line 103: error #169: argument of type "short *" is incompatible with parameter of type "int16_t *"
"../cordic.c", line 103: error #169: argument of type "short *" is incompatible with parameter of type "int16_t *"
"../cordic.c", line 103: error #169: argument of type "short *" is incompatible with parameter of type "int16_t *"
"../cordic.c", line 128: error #169: argument of type "short *" is incompatible with parameter of type "int16_t *"
"../cordic.c", line 128: error #169: argument of type "short *" is incompatible with parameter of type "int16_t *"
"../cordic.c", line 128: error #169: argument of type "short *" is incompatible with parameter of type "int16_t *"
"../cordic.c", line 151: error #169: argument of type "short *" is incompatible with parameter of type "int16_t *"
"../cordic.c", line 151: error #169: argument of type "short *" is incompatible with parameter of type "int16_t *"
"../cordic.c", line 151: error #169: argument of type "short *" is incompatible with parameter of type "int16_t *"
"../cordic.c", line 174: error #169: argument of type "short *" is incompatible with parameter of type "int16_t *"
"../cordic.c", line 174: error #169: argument of type "short *" is incompatible with parameter of type "int16_t *"
"../cordic.c", line 174: error #169: argument of type "short *" is incompatible with parameter of type "int16_t *"
"../cordic.c", line 198: error #169: argument of type "short *" is incompatible with parameter of type "int16_t *"
"../cordic.c", line 198: error #169: argument of type "short *" is incompatible with parameter of type "int16_t *"
"../cordic.c", line 198: error #169: argument of type "short *" is incompatible with parameter of type "int16_t *"
"../cordic.c", line 291: error #148: declaration is incompatible with "short __int(float)" (declared at line 61 of "..\cordic.h")
25 errors detected in the compilation of "../cordic.c".
gmake: *** [cordic.obj] Error 1
Building file: "../main.c"
Invoking: C5500 Compiler
"C:/ti/ccs1210/ccs/tools/compiler/c5500_4.4.1/bin/cl55" -v5502 --memory_model=large -g --include_path="C:/Users/fabio/Documents/LAB3/Two/CORDIC" --include_path="C:/ti/ccs1210/ccs/tools/compiler/c5500_4.4.1/include" --define=c5502 --display_error_number --diag_warning=225 --ptrdiff_size=32 --preproc_with_compile --preproc_dependency="main.d_raw"  "../main.c"
"../main.c", line 4: warning #83-D: storage class is not first
"../main.c", line 13: warning #179-D: variable "i" was declared but never referenced
"../main.c", line 4: warning #179-D: variable "ANGLES" was declared but never referenced
Finished building: "../main.c"
 
gmake: Target 'all' not remade because of errors.

**** Build Finished ****

**** Build of configuration Debug for project CORDIC ****

"C:\\ti\\ccs1210\\ccs\\utils\\bin\\gmake" -k -j 12 all -O 
 
Building file: "../cordic.c"
Invoking: C5500 Compiler
"C:/ti/ccs1210/ccs/tools/compiler/c5500_4.4.1/bin/cl55" -v5502 --memory_model=large -g --include_path="C:/Users/fabio/Documents/LAB3/Two/CORDIC" --include_path="C:/ti/ccs1210/ccs/tools/compiler/c5500_4.4.1/include" --define=c5502 --display_error_number --diag_warning=225 --ptrdiff_size=32 --preproc_with_compile --preproc_dependency="cordic.d_raw"  "../cordic.c"
 
>> Compilation failure
subdir_rules.mk:9: recipe for target 'cordic.obj' failed
"../cordic.c", line 31: error #169: argument of type "short *" is incompatible with parameter of type "int16_t *"
"../cordic.c", line 31: error #169: argument of type "short *" is incompatible with parameter of type "int16_t *"
"../cordic.c", line 31: error #169: argument of type "short *" is incompatible with parameter of type "int16_t *"
"../cordic.c", line 55: error #169: argument of type "short *" is incompatible with parameter of type "int16_t *"
"../cordic.c", line 55: error #169: argument of type "short *" is incompatible with parameter of type "int16_t *"
"../cordic.c", line 55: error #169: argument of type "short *" is incompatible with parameter of type "int16_t *"
"../cordic.c", line 79: error #169: argument of type "short *" is incompatible with parameter of type "int16_t *"
"../cordic.c", line 79: error #169: argument of type "short *" is incompatible with parameter of type "int16_t *"
"../cordic.c", line 79: error #169: argument of type "short *" is incompatible with parameter of type "int16_t *"
"../cordic.c", line 103: error #169: argument of type "short *" is incompatible with parameter of type "int16_t *"
"../cordic.c", line 103: error #169: argument of type "short *" is incompatible with parameter of type "int16_t *"
"../cordic.c", line 103: error #169: argument of type "short *" is incompatible with parameter of type "int16_t *"
"../cordic.c", line 128: error #169: argument of type "short *" is incompatible with parameter of type "int16_t *"
"../cordic.c", line 128: error #169: argument of type "short *" is incompatible with parameter of type "int16_t *"
"../cordic.c", line 128: error #169: argument of type "short *" is incompatible with parameter of type "int16_t *"
"../cordic.c", line 151: error #169: argument of type "short *" is incompatible with parameter of type "int16_t *"
"../cordic.c", line 151: error #169: argument of type "short *" is incompatible with parameter of type "int16_t *"
"../cordic.c", line 151: error #169: argument of type "short *" is incompatible with parameter of type "int16_t *"
"../cordic.c", line 174: error #169: argument of type "short *" is incompatible with parameter of type "int16_t *"
"../cordic.c", line 174: error #169: argument of type "short *" is incompatible with parameter of type "int16_t *"
"../cordic.c", line 174: error #169: argument of type "short *" is incompatible with parameter of type "int16_t *"
"../cordic.c", line 198: error #169: argument of type "short *" is incompatible with parameter of type "int16_t *"
"../cordic.c", line 198: error #169: argument of type "short *" is incompatible with parameter of type "int16_t *"
"../cordic.c", line 198: error #169: argument of type "short *" is incompatible with parameter of type "int16_t *"
"../cordic.c", line 291: error #148: declaration is incompatible with "short __int(float)" (declared at line 61 of "..\cordic.h")
25 errors detected in the compilation of "../cordic.c".
gmake: *** [cordic.obj] Error 1
Building file: "../main.c"
Invoking: C5500 Compiler
"C:/ti/ccs1210/ccs/tools/compiler/c5500_4.4.1/bin/cl55" -v5502 --memory_model=large -g --include_path="C:/Users/fabio/Documents/LAB3/Two/CORDIC" --include_path="C:/ti/ccs1210/ccs/tools/compiler/c5500_4.4.1/include" --define=c5502 --display_error_number --diag_warning=225 --ptrdiff_size=32 --preproc_with_compile --preproc_dependency="main.d_raw"  "../main.c"
"../main.c", line 4: warning #83-D: storage class is not first
"../main.c", line 4: warning #179-D: variable "ANGLES" was declared but never referenced
Finished building: "../main.c"
 
gmake: Target 'all' not remade because of errors.

**** Build Finished ****

**** Build of configuration Debug for project CORDIC ****

"C:\\ti\\ccs1210\\ccs\\utils\\bin\\gmake" -k -j 12 all -O 
 
Building file: "../cordic.c"
Invoking: C5500 Compiler
"C:/ti/ccs1210/ccs/tools/compiler/c5500_4.4.1/bin/cl55" -v5502 --memory_model=large -g --include_path="C:/Users/fabio/Documents/LAB3/Two/CORDIC" --include_path="C:/ti/ccs1210/ccs/tools/compiler/c5500_4.4.1/include" --define=c5502 --display_error_number --diag_warning=225 --ptrdiff_size=32 --preproc_with_compile --preproc_dependency="cordic.d_raw"  "../cordic.c"
 
>> Compilation failure
subdir_rules.mk:9: recipe for target 'cordic.obj' failed
"../cordic.c", line 31: error #169: argument of type "short *" is incompatible with parameter of type "int16_t *"
"../cordic.c", line 31: error #169: argument of type "short *" is incompatible with parameter of type "int16_t *"
"../cordic.c", line 31: error #169: argument of type "short *" is incompatible with parameter of type "int16_t *"
"../cordic.c", line 55: error #169: argument of type "short *" is incompatible with parameter of type "int16_t *"
"../cordic.c", line 55: error #169: argument of type "short *" is incompatible with parameter of type "int16_t *"
"../cordic.c", line 55: error #169: argument of type "short *" is incompatible with parameter of type "int16_t *"
"../cordic.c", line 79: error #169: argument of type "short *" is incompatible with parameter of type "int16_t *"
"../cordic.c", line 79: error #169: argument of type "short *" is incompatible with parameter of type "int16_t *"
"../cordic.c", line 79: error #169: argument of type "short *" is incompatible with parameter of type "int16_t *"
"../cordic.c", line 103: error #169: argument of type "short *" is incompatible with parameter of type "int16_t *"
"../cordic.c", line 103: error #169: argument of type "short *" is incompatible with parameter of type "int16_t *"
"../cordic.c", line 103: error #169: argument of type "short *" is incompatible with parameter of type "int16_t *"
"../cordic.c", line 128: error #169: argument of type "short *" is incompatible with parameter of type "int16_t *"
"../cordic.c", line 128: error #169: argument of type "short *" is incompatible with parameter of type "int16_t *"
"../cordic.c", line 128: error #169: argument of type "short *" is incompatible with parameter of type "int16_t *"
"../cordic.c", line 151: error #169: argument of type "short *" is incompatible with parameter of type "int16_t *"
"../cordic.c", line 151: error #169: argument of type "short *" is incompatible with parameter of type "int16_t *"
"../cordic.c", line 151: error #169: argument of type "short *" is incompatible with parameter of type "int16_t *"
"../cordic.c", line 174: error #169: argument of type "short *" is incompatible with parameter of type "int16_t *"
"../cordic.c", line 174: error #169: argument of type "short *" is incompatible with parameter of type "int16_t *"
"../cordic.c", line 174: error #169: argument of type "short *" is incompatible with parameter of type "int16_t *"
"../cordic.c", line 198: error #169: argument of type "short *" is incompatible with parameter of type "int16_t *"
"../cordic.c", line 198: error #169: argument of type "short *" is incompatible with parameter of type "int16_t *"
"../cordic.c", line 198: error #169: argument of type "short *" is incompatible with parameter of type "int16_t *"
24 errors detected in the compilation of "../cordic.c".
gmake: *** [cordic.obj] Error 1
Building file: "../main.c"
Invoking: C5500 Compiler
"C:/ti/ccs1210/ccs/tools/compiler/c5500_4.4.1/bin/cl55" -v5502 --memory_model=large -g --include_path="C:/Users/fabio/Documents/LAB3/Two/CORDIC" --include_path="C:/ti/ccs1210/ccs/tools/compiler/c5500_4.4.1/include" --define=c5502 --display_error_number --diag_warning=225 --ptrdiff_size=32 --preproc_with_compile --preproc_dependency="main.d_raw"  "../main.c"
"../main.c", line 4: warning #83-D: storage class is not first
"../main.c", line 4: warning #179-D: variable "ANGLES" was declared but never referenced
Finished building: "../main.c"
 
gmake: Target 'all' not remade because of errors.

**** Build Finished ****

**** Build of configuration Debug for project CORDIC ****

"C:\\ti\\ccs1210\\ccs\\utils\\bin\\gmake" -k -j 12 all -O 
 
Building file: "../main.c"
Invoking: C5500 Compiler
"C:/ti/ccs1210/ccs/tools/compiler/c5500_4.4.1/bin/cl55" -v5502 --memory_model=large -g --include_path="C:/Users/fabio/Documents/LAB3/Two/CORDIC" --include_path="C:/ti/ccs1210/ccs/tools/compiler/c5500_4.4.1/include" --define=c5502 --display_error_number --diag_warning=225 --ptrdiff_size=32 --preproc_with_compile --preproc_dependency="main.d_raw"  "../main.c"
"../main.c", line 4: warning #83-D: storage class is not first
"../main.c", line 4: warning #179-D: variable "ANGLES" was declared but never referenced
Finished building: "../main.c"
 
Building file: "../cordic.c"
Invoking: C5500 Compiler
"C:/ti/ccs1210/ccs/tools/compiler/c5500_4.4.1/bin/cl55" -v5502 --memory_model=large -g --include_path="C:/Users/fabio/Documents/LAB3/Two/CORDIC" --include_path="C:/ti/ccs1210/ccs/tools/compiler/c5500_4.4.1/include" --define=c5502 --display_error_number --diag_warning=225 --ptrdiff_size=32 --preproc_with_compile --preproc_dependency="cordic.d_raw"  "../cordic.c"
Finished building: "../cordic.c"
 
Building target: "CORDIC.out"
Invoking: C5500 Linker
"C:/ti/ccs1210/ccs/tools/compiler/c5500_4.4.1/bin/cl55" -v5502 --memory_model=large -g --define=c5502 --display_error_number --diag_warning=225 --ptrdiff_size=32 -z -m"CORDIC.map" --stack_size=0x200 --heap_size=0x400 -i"C:/ti/ccs1210/ccs/tools/compiler/c5500_4.4.1/lib" -i"C:/ti/ccs1210/ccs/tools/compiler/c5500_4.4.1/include" --reread_libs --display_error_number --warn_sections --xml_link_info="CORDIC_linkInfo.xml" --rom_model --sys_stacksize=0x200 -o "CORDIC.out" "./cordic.obj" "./main.obj" "../VC5502.cmd"  -llibc.a 
<Linking>
Finished building target: "CORDIC.out"
 

**** Build Finished ****
